<?xml version="1.0" encoding="UTF-8"?>
<!-- Generated by org.testng.reporters.JUnitReportReporter -->
<testsuite skipped="0" hostname="DESKTOP-NNGTS9F" name="notsofilmy.RESTAPITest" tests="2" failures="0" timestamp="30 May 2018 18:07:41 GMT" time="0.016" errors="0">
  <testcase name="DeleteTwitter" time="0.000" classname="notsofilmy.RESTAPITest"/>
  <testcase name="Postjira" time="0.016" classname="notsofilmy.RESTAPITest"/>
</testsuite> <!-- notsofilmy.RESTAPITest -->
