<?xml version="1.0" encoding="UTF-8"?>
<!-- Generated by org.testng.reporters.JUnitReportReporter -->
<testsuite skipped="0" hostname="DESKTOP-NNGTS9F" name="notsofilmy.SeleniumTest" tests="2" failures="0" timestamp="30 May 2018 18:07:41 GMT" time="0.019" errors="0">
  <testcase name="BrowserAitomation" time="0.018" classname="notsofilmy.SeleniumTest"/>
  <testcase name="ElementsUI" time="0.001" classname="notsofilmy.SeleniumTest"/>
</testsuite> <!-- notsofilmy.SeleniumTest -->
