<?xml version="1.0" encoding="UTF-8"?>
<!-- Generated by org.testng.reporters.JUnitReportReporter -->
<testsuite hostname="DESKTOP-NNGTS9F" name="notsofilmy.RESTAPITest" tests="2" failures="0" timestamp="3 Jun 2018 19:26:00 GMT" time="0.002" errors="0">
  <testcase name="DeleteTwitter" time="0.001" classname="notsofilmy.RESTAPITest"/>
  <testcase name="Postjira" time="0.001" classname="notsofilmy.RESTAPITest"/>
</testsuite> <!-- notsofilmy.RESTAPITest -->
