<?xml version="1.0" encoding="UTF-8"?>
<!-- Generated by org.testng.reporters.JUnitReportReporter -->
<testsuite hostname="DESKTOP-NNGTS9F" name="notsofilmy.AppiumTest" tests="2" failures="0" timestamp="3 Jun 2018 19:26:00 GMT" time="0.012" errors="0">
  <testcase name="IosApps" time="0.012" classname="notsofilmy.AppiumTest"/>
  <testcase name="NativeAppsAnroid" time="0.000" classname="notsofilmy.AppiumTest"/>
</testsuite> <!-- notsofilmy.AppiumTest -->
