<?xml version="1.0" encoding="UTF-8"?>
<!-- Generated by org.testng.reporters.JUnitReportReporter -->
<testsuite hostname="DESKTOP-NNGTS9F" name="notsofilmy.SeleniumTest" tests="2" failures="0" timestamp="3 Jun 2018 19:26:00 GMT" time="0.001" errors="0">
  <testcase name="ElementsUI" time="0.001" classname="notsofilmy.SeleniumTest"/>
  <testcase name="BrowserAitomation" time="0.000" classname="notsofilmy.SeleniumTest"/>
</testsuite> <!-- notsofilmy.SeleniumTest -->
